#
# A fatal error has been detected by the Java Runtime Environment:
#
#  EXCEPTION_ACCESS_VIOLATION (0xc0000005) at pc=0x0000000074067bf8, pid=13112, tid=0x0000000000002c1c
#
# JRE version: Java(TM) SE Runtime Environment (8.0_231-b11) (build 1.8.0_231-b11)
# Java VM: Java HotSpot(TM) 64-Bit Server VM (25.231-b11 mixed mode windows-amd64 compressed oops)
# Problematic frame:
# V  [jvm.dll+0xf7bf8]
#
# Failed to write core dump. Minidumps are not enabled by default on client versions of Windows
#
# If you would like to submit a bug report, please visit:
#   http://bugreport.java.com/bugreport/crash.jsp
#

---------------  T H R E A D  ---------------

Current thread (0x0000000017037000):  VMThread [stack: 0x0000000017ab0000,0x0000000017bb0000] [id=11292]

siginfo: ExceptionCode=0xc0000005, reading address 0x000000001df40358

Registers:
RAX=0x00000000001fffe0, RBX=0x000000000000ffff, RCX=0x000000001fc45320, RDX=0x000000001dd40368
RSP=0x0000000017baf080, RBP=0x0000000017baf1b0, RSI=0x000000000000ffff, RDI=0x000000001fc45320
R8 =0x0000000016f85c70, R9 =0x0000000000000003, R10=0x0000000000000003, R11=0x000000001fc46202
R12=0x0000000017baf240, R13=0x0000000017baf230, R14=0x0000000000000000, R15=0x0000000000000000
RIP=0x0000000074067bf8, EFLAGS=0x0000000000010202

Top of Stack: (sp=0x0000000017baf080)
0x0000000017baf080:   00000000000000b8 0000000017baf1b0
0x0000000017baf090:   00000000000000b8 0000000017baf250
0x0000000017baf0a0:   0000000000000018 00000000741453c0
0x0000000017baf0b0:   00000000000000b8 00000000000000b8
0x0000000017baf0c0:   000000001fc46268 00000000190dcf20
0x0000000017baf0d0:   0000000003300928 0000000003300104
0x0000000017baf0e0:   0000000003300768 0000000074271e5e
0x0000000017baf0f0:   0000000003300927 0000000017ba000a
0x0000000017baf100:   0000000017baf0f8 0000000073010000
0x0000000017baf110:   0000000003300780 0000000074001a4d
0x0000000017baf120:   0000f9799dc42959 0000000074271e5e
0x0000000017baf130:   0000000000020338 00000000190e4870
0x0000000017baf140:   00000000028061a0 0000000074002174
0x0000000017baf150:   0000000017035db0 000000007400fc2e
0x0000000017baf160:   0000f9799dc42899 0000000000000000
0x0000000017baf170:   000000001fc42920 0000000003300a5f 

Instructions: (pc=0x0000000074067bf8)
0x0000000074067bd8:   00 ba e1 01 00 00 e8 ed 0b 18 00 e8 48 1b 1a 00
0x0000000074067be8:   48 8b 57 10 48 85 d2 74 0f 48 8b c3 48 c1 e0 05
0x0000000074067bf8:   48 8b 44 10 10 0f b7 d8 48 63 c3 0f b7 44 c7 50
0x0000000074067c08:   48 8b 44 c7 50 48 89 44 24 30 f6 d0 48 8b 4c 24 


Register to memory mapping:

RAX=0x00000000001fffe0 is an unknown value
RBX=0x000000000000ffff is an unknown value
RCX=0x000000001fc45320 is pointing into metadata
RDX=0x000000001dd40368 is pointing into metadata
RSP=0x0000000017baf080 is an unknown value
RBP=0x0000000017baf1b0 is an unknown value
RSI=0x000000000000ffff is an unknown value
RDI=0x000000001fc45320 is pointing into metadata
R8 =0x0000000016f85c70 is an unknown value
R9 =0x0000000000000003 is an unknown value
R10=0x0000000000000003 is an unknown value
R11=0x000000001fc46202 is pointing into metadata
R12=0x0000000017baf240 is an unknown value
R13=0x0000000017baf230 is an unknown value
R14=0x0000000000000000 is an unknown value
R15=0x0000000000000000 is an unknown value


Stack: [0x0000000017ab0000,0x0000000017bb0000],  sp=0x0000000017baf080,  free space=1020k
Native frames: (J=compiled Java code, j=interpreted, Vv=VM code, C=native code)
V  [jvm.dll+0xf7bf8]
V  [jvm.dll+0x1d53c0]
V  [jvm.dll+0x1d6312]
V  [jvm.dll+0x1c3bb4]
V  [jvm.dll+0x1c8d3c]
V  [jvm.dll+0x1c928b]
V  [jvm.dll+0x24d677]
V  [jvm.dll+0x24c916]
V  [jvm.dll+0x24cdb1]
V  [jvm.dll+0x24cfce]
V  [jvm.dll+0x29fd8a]
C  [msvcr100.dll+0x21d9f]
C  [msvcr100.dll+0x21e3b]
C  [KERNEL32.DLL+0x17944]
C  [ntdll.dll+0x6ce71]

VM_Operation (0x00000000184ef6b0): RedefineClasses, mode: safepoint, requested by thread 0x00000000170d8000, redefining class com.example.AssetManage.controller.AssetTypeController



---------------  P R O C E S S  ---------------

Java Threads: ( => current thread )
  0x000000001d0da800 JavaThread "DestroyJavaVM" [_thread_blocked, id=13684, stack(0x0000000002430000,0x0000000002530000)]
  0x000000001d0dd800 JavaThread "http-nio-8080-Acceptor" daemon [_thread_in_native, id=3856, stack(0x000000001f8d0000,0x000000001f9d0000)]
  0x000000001d0d0800 JavaThread "http-nio-8080-ClientPoller" daemon [_thread_in_native, id=816, stack(0x000000001f7d0000,0x000000001f8d0000)]
  0x000000001d0d0000 JavaThread "http-nio-8080-exec-10" daemon [_thread_blocked, id=1888, stack(0x000000001f6d0000,0x000000001f7d0000)]
  0x000000001d0d6800 JavaThread "http-nio-8080-exec-9" daemon [_thread_blocked, id=12800, stack(0x000000001f5d0000,0x000000001f6d0000)]
  0x000000001d0d6000 JavaThread "http-nio-8080-exec-8" daemon [_thread_blocked, id=12252, stack(0x000000001f4d0000,0x000000001f5d0000)]
  0x000000001d0d3000 JavaThread "http-nio-8080-exec-7" daemon [_thread_blocked, id=4400, stack(0x000000001f3d0000,0x000000001f4d0000)]
  0x000000001d0d2000 JavaThread "http-nio-8080-exec-6" daemon [_thread_blocked, id=13000, stack(0x000000001f2d0000,0x000000001f3d0000)]
  0x000000001d0d1800 JavaThread "http-nio-8080-exec-5" daemon [_thread_blocked, id=9744, stack(0x000000001f1d0000,0x000000001f2d0000)]
  0x000000001d0d4800 JavaThread "http-nio-8080-exec-4" daemon [_thread_blocked, id=7012, stack(0x000000001f0d0000,0x000000001f1d0000)]
  0x000000001d0d3800 JavaThread "http-nio-8080-exec-3" daemon [_thread_blocked, id=14312, stack(0x000000001efd0000,0x000000001f0d0000)]
  0x000000001d0d5000 JavaThread "http-nio-8080-exec-2" daemon [_thread_blocked, id=12524, stack(0x000000001eed0000,0x000000001efd0000)]
  0x000000001b100000 JavaThread "http-nio-8080-exec-1" daemon [_thread_blocked, id=6220, stack(0x000000001edd0000,0x000000001eed0000)]
  0x000000001b101800 JavaThread "http-nio-8080-BlockPoller" daemon [_thread_in_native, id=11620, stack(0x000000001ecd0000,0x000000001edd0000)]
  0x000000001b102000 JavaThread "HikariPool-1 housekeeper" daemon [_thread_blocked, id=5744, stack(0x000000001ddd0000,0x000000001ded0000)]
  0x000000001b100800 JavaThread "mysql-cj-abandoned-connection-cleanup" daemon [_thread_blocked, id=13692, stack(0x000000001c400000,0x000000001c500000)]
  0x000000001b07a800 JavaThread "container-0" [_thread_blocked, id=8492, stack(0x000000001c300000,0x000000001c400000)]
  0x000000001b05f000 JavaThread "Catalina-utility-2" [_thread_blocked, id=12424, stack(0x000000001c200000,0x000000001c300000)]
  0x000000001b05e000 JavaThread "Catalina-utility-1" [_thread_blocked, id=5580, stack(0x000000001b500000,0x000000001b600000)]
  0x00000000193ee800 JavaThread "JMX server connection timeout 19" daemon [_thread_blocked, id=492, stack(0x000000001a230000,0x000000001a330000)]
  0x0000000019396000 JavaThread "RMI Scheduler(0)" daemon [_thread_blocked, id=7936, stack(0x0000000019e30000,0x0000000019f30000)]
  0x0000000019398800 JavaThread "RMI TCP Connection(60)-127.0.0.1" daemon [_thread_in_native, id=8768, stack(0x0000000019d30000,0x0000000019e30000)]
  0x0000000019013000 JavaThread "RMI TCP Accept-0" daemon [_thread_in_native, id=11128, stack(0x00000000197f0000,0x00000000198f0000)]
  0x000000001900f000 JavaThread "RMI TCP Accept-59716" daemon [_thread_in_native, id=6420, stack(0x00000000196f0000,0x00000000197f0000)]
  0x0000000018fc4000 JavaThread "RMI TCP Accept-0" daemon [_thread_in_native, id=10556, stack(0x00000000195f0000,0x00000000196f0000)]
  0x0000000018aed800 JavaThread "Service Thread" daemon [_thread_blocked, id=11420, stack(0x00000000194f0000,0x00000000195f0000)]
  0x0000000018aed000 JavaThread "C1 CompilerThread1" daemon [_thread_blocked, id=6272, stack(0x0000000018bf0000,0x0000000018cf0000)]
  0x0000000018ad0800 JavaThread "C2 CompilerThread0" daemon [_thread_blocked, id=5112, stack(0x0000000018af0000,0x0000000018bf0000)]
  0x00000000170e6800 JavaThread "JDWP Command Reader" daemon [_thread_in_native, id=5116, stack(0x00000000185f0000,0x00000000186f0000)]
  0x00000000170da800 JavaThread "JDWP Event Helper Thread" daemon [_thread_blocked, id=14200, stack(0x00000000184f0000,0x00000000185f0000)]
  0x00000000170d8000 JavaThread "JDWP Transport Listener: dt_socket" daemon [_thread_blocked, id=13360, stack(0x00000000183f0000,0x00000000184f0000)]
  0x0000000017078000 JavaThread "Attach Listener" daemon [_thread_blocked, id=10404, stack(0x0000000017fb0000,0x00000000180b0000)]
  0x0000000017075000 JavaThread "Signal Dispatcher" daemon [_thread_blocked, id=9748, stack(0x0000000017eb0000,0x0000000017fb0000)]
  0x0000000017058800 JavaThread "Finalizer" daemon [_thread_blocked, id=13580, stack(0x0000000017cb0000,0x0000000017db0000)]
  0x0000000002626800 JavaThread "Reference Handler" daemon [_thread_blocked, id=1316, stack(0x0000000017bb0000,0x0000000017cb0000)]

Other Threads:
=>0x0000000017037000 VMThread [stack: 0x0000000017ab0000,0x0000000017bb0000] [id=11292]
  0x0000000019016800 WatcherThread [stack: 0x00000000198f0000,0x00000000199f0000] [id=3560]

VM state:at safepoint (normal execution)

VM Mutex/Monitor currently owned by a thread:  ([mutex/lock_event])
[0x0000000002534e50] Threads_lock - owner thread: 0x0000000017037000

heap address: 0x0000000082000000, size: 2016 MB, Compressed Oops mode: 32-bit
Narrow klass base: 0x0000000000000000, Narrow klass shift: 3
Compressed class space size: 1073741824 Address: 0x0000000100000000

Heap:
 PSYoungGen      total 308224K, used 204183K [0x00000000d6000000, 0x00000000ea680000, 0x0000000100000000)
  eden space 296960K, 64% used [0x00000000d6000000,0x00000000e1c6bfa8,0x00000000e8200000)
  from space 11264K, 99% used [0x00000000e9b80000,0x00000000ea679fc8,0x00000000ea680000)
  to   space 14848K, 0% used [0x00000000e8980000,0x00000000e8980000,0x00000000e9800000)
 ParOldGen       total 72192K, used 20352K [0x0000000082000000, 0x0000000086680000, 0x00000000d6000000)
  object space 72192K, 28% used [0x0000000082000000,0x00000000833e0050,0x0000000086680000)
 Metaspace       used 55386K, capacity 58858K, committed 59028K, reserved 1099776K
  class space    used 7596K, capacity 8182K, committed 8192K, reserved 1048576K

Card table byte_map: [0x0000000011b80000,0x0000000011f80000] byte_map_base: 0x0000000011770000

Marking Bits: (ParMarkBitMap*) 0x0000000074796d90
 Begin Bits: [0x0000000012420000, 0x00000000143a0000)
 End Bits:   [0x00000000143a0000, 0x0000000016320000)

Polling page: 0x00000000001e0000

CodeCache: size=245760Kb used=11508Kb max_used=11508Kb free=234251Kb
 bounds [0x00000000027c0000, 0x0000000003310000, 0x00000000117c0000]
 total_blobs=6562 nmethods=5966 adapters=516
 compilation: enabled

Compilation events (10 events):
Event: 3084.859 Thread 0x0000000018aed000 6063       1       java.util.ArrayList$Itr::<init> (26 bytes)
Event: 3084.859 Thread 0x0000000018aed000 nmethod 6063 0x00000000032ff6d0 code [0x00000000032ff820, 0x00000000032ff950]
Event: 3084.860 Thread 0x0000000018aed000 6064       1       java.util.IdentityHashMap::clear (39 bytes)
Event: 3084.860 Thread 0x0000000018aed000 nmethod 6064 0x00000000032ff9d0 code [0x00000000032ffb20, 0x00000000032ffc90]
Event: 3176.133 Thread 0x0000000018aed000 6065       1       sun.rmi.transport.tcp.TCPEndpoint::getPort (5 bytes)
Event: 3176.134 Thread 0x0000000018aed000 nmethod 6065 0x00000000032ffd50 code [0x00000000032ffea0, 0x00000000032fffb0]
Event: 3176.135 Thread 0x0000000018aed000 6066       1       java.io.DataInputStream::readLong (128 bytes)
Event: 3176.135 Thread 0x0000000018aed000 nmethod 6066 0x0000000003300010 code [0x0000000003300180, 0x0000000003300448]
Event: 3182.940 Thread 0x0000000018aed000 6067       1       java.io.ObjectInputStream$BlockDataInputStream::read (138 bytes)
Event: 3182.940 Thread 0x0000000018aed000 nmethod 6067 0x00000000033005d0 code [0x0000000003300780, 0x0000000003300b88]

GC Heap History (10 events):
Event: 3.220 GC heap before
{Heap before GC invocations=8 (full 1):
 PSYoungGen      total 139264K, used 131072K [0x00000000d6000000, 0x00000000df000000, 0x0000000100000000)
  eden space 131072K, 100% used [0x00000000d6000000,0x00000000de000000,0x00000000de000000)
  from space 8192K, 0% used [0x00000000de800000,0x00000000de800000,0x00000000df000000)
  to   space 8192K, 0% used [0x00000000de000000,0x00000000de000000,0x00000000de800000)
 ParOldGen       total 50176K, used 6605K [0x0000000082000000, 0x0000000085100000, 0x00000000d6000000)
  object space 50176K, 13% used [0x0000000082000000,0x0000000082673498,0x0000000085100000)
 Metaspace       used 25805K, capacity 27570K, committed 27648K, reserved 1073152K
  class space    used 3499K, capacity 3819K, committed 3840K, reserved 1048576K
Event: 3.231 GC heap after
Heap after GC invocations=8 (full 1):
 PSYoungGen      total 139264K, used 8180K [0x00000000d6000000, 0x00000000e4e80000, 0x0000000100000000)
  eden space 131072K, 0% used [0x00000000d6000000,0x00000000d6000000,0x00000000de000000)
  from space 8192K, 99% used [0x00000000de000000,0x00000000de7fd3c0,0x00000000de800000)
  to   space 9728K, 0% used [0x00000000e4500000,0x00000000e4500000,0x00000000e4e80000)
 ParOldGen       total 50176K, used 7720K [0x0000000082000000, 0x0000000085100000, 0x00000000d6000000)
  object space 50176K, 15% used [0x0000000082000000,0x000000008278a3a8,0x0000000085100000)
 Metaspace       used 25805K, capacity 27570K, committed 27648K, reserved 1073152K
  class space    used 3499K, capacity 3819K, committed 3840K, reserved 1048576K
}
Event: 3.928 GC heap before
{Heap before GC invocations=9 (full 1):
 PSYoungGen      total 139264K, used 139252K [0x00000000d6000000, 0x00000000e4e80000, 0x0000000100000000)
  eden space 131072K, 100% used [0x00000000d6000000,0x00000000de000000,0x00000000de000000)
  from space 8192K, 99% used [0x00000000de000000,0x00000000de7fd3c0,0x00000000de800000)
  to   space 9728K, 0% used [0x00000000e4500000,0x00000000e4500000,0x00000000e4e80000)
 ParOldGen       total 50176K, used 7720K [0x0000000082000000, 0x0000000085100000, 0x00000000d6000000)
  object space 50176K, 15% used [0x0000000082000000,0x000000008278a3a8,0x0000000085100000)
 Metaspace       used 31241K, capacity 33180K, committed 33280K, reserved 1077248K
  class space    used 4221K, capacity 4602K, committed 4608K, reserved 1048576K
Event: 3.941 GC heap after
Heap after GC invocations=9 (full 1):
 PSYoungGen      total 230400K, used 9714K [0x00000000d6000000, 0x00000000e4e80000, 0x0000000100000000)
  eden space 220672K, 0% used [0x00000000d6000000,0x00000000d6000000,0x00000000e3780000)
  from space 9728K, 99% used [0x00000000e4500000,0x00000000e4e7cbb8,0x00000000e4e80000)
  to   space 11264K, 0% used [0x00000000e3880000,0x00000000e3880000,0x00000000e4380000)
 ParOldGen       total 50176K, used 8400K [0x0000000082000000, 0x0000000085100000, 0x00000000d6000000)
  object space 50176K, 16% used [0x0000000082000000,0x0000000082834160,0x0000000085100000)
 Metaspace       used 31241K, capacity 33180K, committed 33280K, reserved 1077248K
  class space    used 4221K, capacity 4602K, committed 4608K, reserved 1048576K
}
Event: 4.191 GC heap before
{Heap before GC invocations=10 (full 1):
 PSYoungGen      total 230400K, used 41218K [0x00000000d6000000, 0x00000000e4e80000, 0x0000000100000000)
  eden space 220672K, 14% used [0x00000000d6000000,0x00000000d7ec3f40,0x00000000e3780000)
  from space 9728K, 99% used [0x00000000e4500000,0x00000000e4e7cbb8,0x00000000e4e80000)
  to   space 11264K, 0% used [0x00000000e3880000,0x00000000e3880000,0x00000000e4380000)
 ParOldGen       total 50176K, used 8400K [0x0000000082000000, 0x0000000085100000, 0x00000000d6000000)
  object space 50176K, 16% used [0x0000000082000000,0x0000000082834160,0x0000000085100000)
 Metaspace       used 33371K, capacity 35398K, committed 35416K, reserved 1079296K
  class space    used 4607K, capacity 4985K, committed 4992K, reserved 1048576K
Event: 4.202 GC heap after
Heap after GC invocations=10 (full 1):
 PSYoungGen      total 232960K, used 8018K [0x00000000d6000000, 0x00000000ea680000, 0x0000000100000000)
  eden space 221696K, 0% used [0x00000000d6000000,0x00000000d6000000,0x00000000e3880000)
  from space 11264K, 71% used [0x00000000e3880000,0x00000000e4054a10,0x00000000e4380000)
  to   space 11264K, 0% used [0x00000000e9b80000,0x00000000e9b80000,0x00000000ea680000)
 ParOldGen       total 50176K, used 8400K [0x0000000082000000, 0x0000000085100000, 0x00000000d6000000)
  object space 50176K, 16% used [0x0000000082000000,0x0000000082834160,0x0000000085100000)
 Metaspace       used 33371K, capacity 35398K, committed 35416K, reserved 1079296K
  class space    used 4607K, capacity 4985K, committed 4992K, reserved 1048576K
}
Event: 4.202 GC heap before
{Heap before GC invocations=11 (full 2):
 PSYoungGen      total 232960K, used 8018K [0x00000000d6000000, 0x00000000ea680000, 0x0000000100000000)
  eden space 221696K, 0% used [0x00000000d6000000,0x00000000d6000000,0x00000000e3880000)
  from space 11264K, 71% used [0x00000000e3880000,0x00000000e4054a10,0x00000000e4380000)
  to   space 11264K, 0% used [0x00000000e9b80000,0x00000000e9b80000,0x00000000ea680000)
 ParOldGen       total 50176K, used 8400K [0x0000000082000000, 0x0000000085100000, 0x00000000d6000000)
  object space 50176K, 16% used [0x0000000082000000,0x0000000082834160,0x0000000085100000)
 Metaspace       used 33371K, capacity 35398K, committed 35416K, reserved 1079296K
  class space    used 4607K, capacity 4985K, committed 4992K, reserved 1048576K
Event: 4.261 GC heap after
Heap after GC invocations=11 (full 2):
 PSYoungGen      total 232960K, used 0K [0x00000000d6000000, 0x00000000ea680000, 0x0000000100000000)
  eden space 221696K, 0% used [0x00000000d6000000,0x00000000d6000000,0x00000000e3880000)
  from space 11264K, 0% used [0x00000000e3880000,0x00000000e3880000,0x00000000e4380000)
  to   space 11264K, 0% used [0x00000000e9b80000,0x00000000e9b80000,0x00000000ea680000)
 ParOldGen       total 72192K, used 13192K [0x0000000082000000, 0x0000000086680000, 0x00000000d6000000)
  object space 72192K, 18% used [0x0000000082000000,0x0000000082ce22c8,0x0000000086680000)
 Metaspace       used 33371K, capacity 35398K, committed 35416K, reserved 1079296K
  class space    used 4607K, capacity 4985K, committed 4992K, reserved 1048576K
}
Event: 6.237 GC heap before
{Heap before GC invocations=12 (full 2):
 PSYoungGen      total 232960K, used 221696K [0x00000000d6000000, 0x00000000ea680000, 0x0000000100000000)
  eden space 221696K, 100% used [0x00000000d6000000,0x00000000e3880000,0x00000000e3880000)
  from space 11264K, 0% used [0x00000000e3880000,0x00000000e3880000,0x00000000e4380000)
  to   space 11264K, 0% used [0x00000000e9b80000,0x00000000e9b80000,0x00000000ea680000)
 ParOldGen       total 72192K, used 13192K [0x0000000082000000, 0x0000000086680000, 0x00000000d6000000)
  object space 72192K, 18% used [0x0000000082000000,0x0000000082ce22c8,0x0000000086680000)
 Metaspace       used 47710K, capacity 50446K, committed 50648K, reserved 1093632K
  class space    used 6579K, capacity 7049K, committed 7168K, reserved 1048576K
Event: 6.257 GC heap after
Heap after GC invocations=12 (full 2):
 PSYoungGen      total 308224K, used 11239K [0x00000000d6000000, 0x00000000ea680000, 0x0000000100000000)
  eden space 296960K, 0% used [0x00000000d6000000,0x00000000d6000000,0x00000000e8200000)
  from space 11264K, 99% used [0x00000000e9b80000,0x00000000ea679fc8,0x00000000ea680000)
  to   space 14848K, 0% used [0x00000000e8980000,0x00000000e8980000,0x00000000e9800000)
 ParOldGen       total 72192K, used 20352K [0x0000000082000000, 0x0000000086680000, 0x00000000d6000000)
  object space 72192K, 28% used [0x0000000082000000,0x00000000833e0050,0x0000000086680000)
 Metaspace       used 47710K, capacity 50446K, committed 50648K, reserved 1093632K
  class space    used 6579K, capacity 7049K, committed 7168K, reserved 1048576K
}

Deoptimization events (0 events):
No events

Classes redefined (2 events):
Event: 3177.181 Thread 0x0000000017037000 redefined class name=com.example.AssetManage.controller.AssetTypeController, count=1
Event: 3185.155 Thread 0x0000000017037000 redefined class name=com.example.AssetManage.controller.AssetTypeController, count=2

Internal exceptions (10 events):
Event: 102.856 Thread 0x000000001d0d5000 Exception <a 'java/lang/NoSuchMethodError': java.lang.Object.lambda$null$5(Ljava/util/function/BiFunction;Ljava/lang/Object;Ljava/lang/Object;)Ljava/lang/Object;> (0x00000000df8039b0) thrown at [C:\re\workspace\8-2-build-windows-amd64-cygwin\jdk8u231\1362
Event: 102.863 Thread 0x000000001d0d5000 Exception <a 'java/lang/ArrayIndexOutOfBoundsException'> (0x00000000df86e9b0) thrown at [C:\re\workspace\8-2-build-windows-amd64-cygwin\jdk8u231\13620\hotspot\src\share\vm\runtime\sharedRuntime.cpp, line 605]
Event: 102.864 Thread 0x000000001d0d5000 Exception <a 'java/lang/ArrayIndexOutOfBoundsException'> (0x00000000df875b98) thrown at [C:\re\workspace\8-2-build-windows-amd64-cygwin\jdk8u231\13620\hotspot\src\share\vm\runtime\sharedRuntime.cpp, line 605]
Event: 102.865 Thread 0x000000001d0d5000 Exception <a 'java/lang/ArrayIndexOutOfBoundsException'> (0x00000000df876fe8) thrown at [C:\re\workspace\8-2-build-windows-amd64-cygwin\jdk8u231\13620\hotspot\src\share\vm\runtime\sharedRuntime.cpp, line 605]
Event: 102.866 Thread 0x000000001d0d5000 Exception <a 'java/lang/ArrayIndexOutOfBoundsException'> (0x00000000df89c270) thrown at [C:\re\workspace\8-2-build-windows-amd64-cygwin\jdk8u231\13620\hotspot\src\share\vm\runtime\sharedRuntime.cpp, line 605]
Event: 2823.675 Thread 0x000000001d0d6000 Exception <a 'java/lang/ArrayIndexOutOfBoundsException'> (0x00000000e02f3298) thrown at [C:\re\workspace\8-2-build-windows-amd64-cygwin\jdk8u231\13620\hotspot\src\share\vm\runtime\sharedRuntime.cpp, line 605]
Event: 2823.727 Thread 0x000000001d0d6000 Exception <a 'java/lang/ArrayIndexOutOfBoundsException'> (0x00000000e16e3b50) thrown at [C:\re\workspace\8-2-build-windows-amd64-cygwin\jdk8u231\13620\hotspot\src\share\vm\runtime\sharedRuntime.cpp, line 605]
Event: 2823.732 Thread 0x000000001d0d6000 Exception <a 'java/lang/ArrayIndexOutOfBoundsException'> (0x00000000e16e6f20) thrown at [C:\re\workspace\8-2-build-windows-amd64-cygwin\jdk8u231\13620\hotspot\src\share\vm\runtime\sharedRuntime.cpp, line 605]
Event: 2823.752 Thread 0x000000001d0d6000 Exception <a 'java/lang/ArrayIndexOutOfBoundsException'> (0x00000000e181c180) thrown at [C:\re\workspace\8-2-build-windows-amd64-cygwin\jdk8u231\13620\hotspot\src\share\vm\runtime\sharedRuntime.cpp, line 605]
Event: 2823.754 Thread 0x000000001d0d6000 Exception <a 'java/lang/ArrayIndexOutOfBoundsException'> (0x00000000e1820980) thrown at [C:\re\workspace\8-2-build-windows-amd64-cygwin\jdk8u231\13620\hotspot\src\share\vm\runtime\sharedRuntime.cpp, line 605]

Events (10 events):
Event: 2837.096 Executing VM operation: RevokeBias done
Event: 2965.364 Executing VM operation: RevokeBias
Event: 2965.364 Executing VM operation: RevokeBias done
Event: 3075.256 Executing VM operation: RevokeBias
Event: 3075.256 Executing VM operation: RevokeBias done
Event: 3177.082 Executing VM operation: RedefineClasses
Event: 3177.182 Executing VM operation: RedefineClasses done
Event: 3185.134 Executing VM operation: RedefineClasses
Event: 3185.156 Executing VM operation: RedefineClasses done
Event: 3192.423 Executing VM operation: RedefineClasses


Dynamic libraries:
0x00007ff63bda0000 - 0x00007ff63bdd7000 	C:\Program Files\Java\jre1.8.0_231\bin\javaw.exe
0x00007ffe82080000 - 0x00007ffe82270000 	C:\WINDOWS\SYSTEM32\ntdll.dll
0x00007ffe80ec0000 - 0x00007ffe80f72000 	C:\WINDOWS\System32\KERNEL32.DLL
0x00007ffe7f4d0000 - 0x00007ffe7f772000 	C:\WINDOWS\System32\KERNELBASE.dll
0x00007ffe80440000 - 0x00007ffe804e3000 	C:\WINDOWS\System32\ADVAPI32.dll
0x00007ffe809b0000 - 0x00007ffe80a4e000 	C:\WINDOWS\System32\msvcrt.dll
0x00007ffe81860000 - 0x00007ffe818f7000 	C:\WINDOWS\System32\sechost.dll
0x00007ffe80860000 - 0x00007ffe80980000 	C:\WINDOWS\System32\RPCRT4.dll
0x00007ffe805c0000 - 0x00007ffe80753000 	C:\WINDOWS\System32\USER32.dll
0x00007ffe7f4a0000 - 0x00007ffe7f4c1000 	C:\WINDOWS\System32\win32u.dll
0x00007ffe815b0000 - 0x00007ffe815d6000 	C:\WINDOWS\System32\GDI32.dll
0x00007ffe7f820000 - 0x00007ffe7f9b4000 	C:\WINDOWS\System32\gdi32full.dll
0x00007ffe7f780000 - 0x00007ffe7f81e000 	C:\WINDOWS\System32\msvcp_win.dll
0x00007ffe7f070000 - 0x00007ffe7f16a000 	C:\WINDOWS\System32\ucrtbase.dll
0x00007ffe7e6f0000 - 0x00007ffe7e975000 	C:\WINDOWS\WinSxS\amd64_microsoft.windows.common-controls_6595b64144ccf1df_6.0.18362.30_none_a1435978519dce7f\COMCTL32.dll
0x00007ffe81030000 - 0x00007ffe81366000 	C:\WINDOWS\System32\combase.dll
0x00007ffe7f1f0000 - 0x00007ffe7f271000 	C:\WINDOWS\System32\bcryptPrimitives.dll
0x00007ffe80980000 - 0x00007ffe809ae000 	C:\WINDOWS\System32\IMM32.DLL
0x0000000073de0000 - 0x0000000073eb2000 	C:\Program Files\Java\jre1.8.0_231\bin\msvcr100.dll
0x0000000073f70000 - 0x0000000074816000 	C:\Program Files\Java\jre1.8.0_231\bin\server\jvm.dll
0x00007ffe80430000 - 0x00007ffe80438000 	C:\WINDOWS\System32\PSAPI.DLL
0x00007ffe3ff40000 - 0x00007ffe3ff49000 	C:\WINDOWS\SYSTEM32\WSOCK32.dll
0x00007ffe81380000 - 0x00007ffe813ef000 	C:\WINDOWS\System32\WS2_32.dll
0x00007ffe7c3b0000 - 0x00007ffe7c3d4000 	C:\WINDOWS\SYSTEM32\WINMM.dll
0x00007ffe7d230000 - 0x00007ffe7d23a000 	C:\WINDOWS\SYSTEM32\VERSION.dll
0x00007ffe7c380000 - 0x00007ffe7c3ad000 	C:\WINDOWS\SYSTEM32\WINMMBASE.dll
0x00007ffe7f1a0000 - 0x00007ffe7f1ea000 	C:\WINDOWS\System32\cfgmgr32.dll
0x00007ffe7d680000 - 0x00007ffe7d68f000 	C:\Program Files\Java\jre1.8.0_231\bin\verify.dll
0x00007ffe7d420000 - 0x00007ffe7d449000 	C:\Program Files\Java\jre1.8.0_231\bin\java.dll
0x00007ffe72540000 - 0x00007ffe72575000 	C:\Program Files\Java\jre1.8.0_231\bin\jdwp.dll
0x00007ffe7acd0000 - 0x00007ffe7acd8000 	C:\Program Files\Java\jre1.8.0_231\bin\npt.dll
0x00007ffe724b0000 - 0x00007ffe724d3000 	C:\Program Files\Java\jre1.8.0_231\bin\instrument.dll
0x00007ffe7d400000 - 0x00007ffe7d416000 	C:\Program Files\Java\jre1.8.0_231\bin\zip.dll
0x00007ffe81900000 - 0x00007ffe81fe0000 	C:\WINDOWS\System32\SHELL32.dll
0x00007ffe81740000 - 0x00007ffe817e9000 	C:\WINDOWS\System32\shcore.dll
0x00007ffe7f9c0000 - 0x00007ffe8013b000 	C:\WINDOWS\System32\windows.storage.dll
0x00007ffe7efa0000 - 0x00007ffe7efbf000 	C:\WINDOWS\System32\profapi.dll
0x00007ffe7efc0000 - 0x00007ffe7f00a000 	C:\WINDOWS\System32\powrprof.dll
0x00007ffe7ef50000 - 0x00007ffe7ef60000 	C:\WINDOWS\System32\UMPDC.dll
0x00007ffe807e0000 - 0x00007ffe80832000 	C:\WINDOWS\System32\shlwapi.dll
0x00007ffe7ef80000 - 0x00007ffe7ef91000 	C:\WINDOWS\System32\kernel.appcore.dll
0x00007ffe7f330000 - 0x00007ffe7f347000 	C:\WINDOWS\System32\cryptsp.dll
0x00007ffe79e60000 - 0x00007ffe79e69000 	C:\Program Files\Java\jre1.8.0_231\bin\dt_socket.dll
0x00007ffe72170000 - 0x00007ffe72186000 	C:\WINDOWS\system32\napinsp.dll
0x00007ffe72190000 - 0x00007ffe721aa000 	C:\WINDOWS\system32\pnrpnsp.dll
0x00007ffe7e140000 - 0x00007ffe7e1a7000 	C:\WINDOWS\System32\mswsock.dll
0x00007ffe7dee0000 - 0x00007ffe7dfaa000 	C:\WINDOWS\SYSTEM32\DNSAPI.dll
0x00007ffe816b0000 - 0x00007ffe816b8000 	C:\WINDOWS\System32\NSI.dll
0x00007ffe7dea0000 - 0x00007ffe7deda000 	C:\WINDOWS\SYSTEM32\IPHLPAPI.DLL
0x00007ffe721b0000 - 0x00007ffe721be000 	C:\WINDOWS\System32\winrnr.dll
0x00007ffe7ab00000 - 0x00007ffe7ab1c000 	C:\WINDOWS\system32\NLAapi.dll
0x00007ffe721c0000 - 0x00007ffe721d5000 	C:\WINDOWS\system32\wshbth.dll
0x00007ffe786a0000 - 0x00007ffe78717000 	C:\WINDOWS\System32\fwpuclnt.dll
0x00007ffe7f170000 - 0x00007ffe7f196000 	C:\WINDOWS\System32\bcrypt.dll
0x00007ffe750d0000 - 0x00007ffe750da000 	C:\Windows\System32\rasadhlp.dll
0x00007ffe7ace0000 - 0x00007ffe7aced000 	C:\Program Files\Java\jre1.8.0_231\bin\management.dll
0x00007ffe7d3e0000 - 0x00007ffe7d3fa000 	C:\Program Files\Java\jre1.8.0_231\bin\net.dll
0x00007ffe7d3c0000 - 0x00007ffe7d3d2000 	C:\Program Files\Java\jre1.8.0_231\bin\nio.dll
0x00007ffe7dd00000 - 0x00007ffe7dd33000 	C:\WINDOWS\system32\rsaenh.dll
0x00007ffe7ee40000 - 0x00007ffe7ee65000 	C:\WINDOWS\SYSTEM32\USERENV.dll
0x00007ffe7e310000 - 0x00007ffe7e31c000 	C:\WINDOWS\SYSTEM32\CRYPTBASE.dll
0x00007ffe78510000 - 0x00007ffe78526000 	C:\WINDOWS\SYSTEM32\dhcpcsvc6.DLL
0x00007ffe784f0000 - 0x00007ffe7850c000 	C:\WINDOWS\SYSTEM32\dhcpcsvc.DLL
0x00007ffe7d2e0000 - 0x00007ffe7d304000 	C:\Program Files\Java\jre1.8.0_231\bin\sunec.dll
0x00007ffe7d270000 - 0x00007ffe7d27b000 	C:\Program Files\Java\jre1.8.0_231\bin\sunmscapi.dll
0x00007ffe7f350000 - 0x00007ffe7f499000 	C:\WINDOWS\System32\CRYPT32.dll
0x00007ffe7ef60000 - 0x00007ffe7ef72000 	C:\WINDOWS\System32\MSASN1.dll
0x00007ffe7ea70000 - 0x00007ffe7ec64000 	C:\WINDOWS\SYSTEM32\dbghelp.dll

VM Arguments:
jvm_args: -agentlib:jdwp=transport=dt_socket,suspend=y,address=localhost:59717 -Dcom.sun.management.jmxremote -Dcom.sun.management.jmxremote.port=59716 -Dcom.sun.management.jmxremote.authenticate=false -Dcom.sun.management.jmxremote.ssl=false -Djava.rmi.server.hostname=localhost -Dspring.jmx.enabled=true -Dspring.application.admin.enabled=true -Xverify:none -XX:TieredStopAtLevel=1 -Dspring.boot.project.name=AssetManage -javaagent:C:\Users\lb_phung\eclipse\jee-2020-06\eclipse\configuration\org.eclipse.osgi\413\0\.cp\lib\javaagent-shaded.jar -Dfile.encoding=UTF-8 
java_command: com.example.AssetManage.AssetManageApplication
java_class_path (initial): D:\Phung_Training\lb_phung\Asset_Management\AssetManage\BackEnd\target\classes;C:\Users\lb_phung\.p2\pool\plugins\org.junit.jupiter.api_5.6.0.v20200203-2009.jar;C:\Users\lb_phung\.p2\pool\plugins\org.junit.jupiter.engine_5.6.0.v20200203-2009.jar;C:\Users\lb_phung\.p2\pool\plugins\org.junit.jupiter.migrationsupport_5.6.0.v20200203-2009.jar;C:\Users\lb_phung\.p2\pool\plugins\org.junit.jupiter.params_5.6.0.v20200203-2009.jar;C:\Users\lb_phung\.p2\pool\plugins\org.junit.platform.commons_1.6.0.v20200203-2009.jar;C:\Users\lb_phung\.p2\pool\plugins\org.junit.platform.engine_1.6.0.v20200203-2009.jar;C:\Users\lb_phung\.p2\pool\plugins\org.junit.platform.launcher_1.6.0.v20200203-2009.jar;C:\Users\lb_phung\.p2\pool\plugins\org.junit.platform.runner_1.6.0.v20200203-2009.jar;C:\Users\lb_phung\.p2\pool\plugins\org.junit.platform.suite.api_1.6.0.v20200203-2009.jar;C:\Users\lb_phung\.p2\pool\plugins\org.junit.vintage.engine_5.6.0.v20200203-2009.jar;C:\Users\lb_phung\.p2\pool\plugins\org.opentest4j_1.2.0.v20190826-0900.jar;C:\Users\lb_phung\.p2\pool\plugins\org.apiguardian_1.1.0.v20190826-0900.jar;C:\Users\lb_phung\.p2\pool\plugins\org.junit_4.13.0.v20200204-1500.jar;C:\Users\lb_phung\.p2\pool\plugins\org.hamcrest.core_1.3.0.v20180420-1519.jar;C:\Users\lb_phung\.m2\repository\mysql\mysql-connector-java\8.0.22\mysql-connector-java-8.0.22.jar;C:\Users\lb_phung\.m2\repository\org\springframework\boot\spring-boot-starter-data-jpa\2.4.1\spring-boot-starter-data-jpa-2.4.1.jar;C:\Users\lb_phung\.m2\repository\org\springframework\boot\spring-boot-starter-aop\2.4.1\spring-boot-starter-aop-2.4.1.jar;C:\Users\lb_phung\.m2\repository\org\springframework\spring-aop\5.3.2\spring-aop-5.3.2.jar;C:\Users\lb_phung\.m2\repository\org\aspectj\aspectjweaver\1.9.6\aspectjweaver-1.9.6.jar;C:\Users\lb_phung\.m2\repository\org\springframework\boot\spring-boot-starter-jdbc\2.4.1\spring-boot-starter-jdbc-2.4.1.jar;C:\Users\lb_phung\.m2\repository\com\zaxxer\HikariCP\3.4.5\HikariCP
Launcher Type: SUN_STANDARD

Environment Variables:
JAVA_HOME=C:\Program Files\Java\jdk1.8.0_231
PATH=C:/Program Files/Java/jre1.8.0_231/bin/server;C:/Program Files/Java/jre1.8.0_231/bin;C:/Program Files/Java/jre1.8.0_231/lib/amd64;C:\Program Files\Microsoft MPI\Bin\;C:\Program Files (x86)\Common Files\Oracle\Java\javapath;C:\WINDOWS\system32;C:\WINDOWS;C:\WINDOWS\System32\Wbem;C:\WINDOWS\System32\WindowsPowerShell\v1.0\;C:\WINDOWS\System32\OpenSSH\;C:\Program Files (x86)\Skype\Phone\;";.;C:\Program Files\Java\jdk1.8.0_231\bin;";C:\Program Files\TortoiseSVN\bin;C:\Program Files\Microsoft SQL Server\Client SDK\ODBC\170\Tools\Binn\;C:\Program Files (x86)\Microsoft SQL Server\150\Tools\Binn\;C:\Program Files\Microsoft SQL Server\150\Tools\Binn\;C:\Program Files\Microsoft SQL Server\150\DTS\Binn\;C:\Program Files (x86)\Microsoft SQL Server\140\Tools\Binn\;C:\Program Files\Microsoft SQL Server\140\Tools\Binn\;C:\Program Files (x86)\Microsoft SQL Server\140\DTS\Binn\;C:\Program Files\Microsoft SQL Server\140\DTS\Binn\;C:\Program Files\Microsoft SQL Server\Client SDK\ODBC\130\Tools\Binn\;C:\Program Files (x86)\Microsoft SQL Server\150\DTS\Binn\;C:\Program Files\Azure Data Studio\bin;C:\Program Files\nodejs\;C:\Users\lb_phung\AppData\Local\Microsoft\WindowsApps;C:\Users\lb_phung\AppData\Local\Programs\Microsoft VS Code\bin;C:\Users\lb_phung\AppData\Roaming\npm;C:\Users\lb_phung\AppData\Local\Programs\Git\cmd;C:\Users\lb_phung\AppData\Local\GitHubDesktop\bin;C:\WINDOWS\system32;
USERNAME=lb_phung
OS=Windows_NT
PROCESSOR_IDENTIFIER=Intel64 Family 6 Model 94 Stepping 3, GenuineIntel



---------------  S Y S T E M  ---------------

OS: Windows 10.0 , 64 bit Build 18362 (10.0.18362.1)

CPU:total 2 (initial active 2) (2 cores per cpu, 1 threads per core) family 6 model 94 stepping 3, cmov, cx8, fxsr, mmx, sse, sse2, sse3, ssse3, sse4.1, sse4.2, popcnt, aes, clmul, erms, 3dnowpref, lzcnt, tsc, tscinvbit

Memory: 4k page, physical 8252160k(1005368k free), swap 16378624k(2613652k free)

vm_info: Java HotSpot(TM) 64-Bit Server VM (25.231-b11) for windows-amd64 JRE (1.8.0_231-b11), built on Oct  5 2019 03:11:30 by "java_re" with MS VC++ 10.0 (VS2010)

time: Tue Feb 02 17:55:01 2021
timezone: SE Asia Standard Time
elapsed time: 3192 seconds (0d 0h 53m 12s)

